[2025-04-23 00:29:18] [INFO    ] discord.client: logging in using static token
[2025-04-23 00:29:18] [DEBUG   ] discord.http: GET https://discord.com/api/v10/users/@me with None has returned 200
[2025-04-23 00:29:18] [DEBUG   ] discord.http: GET /users/@me has found its initial rate limit bucket hash (78bb8553d9352a5a2f89f9def401287a).
[2025-04-23 00:29:18] [DEBUG   ] discord.http: GET https://discord.com/api/v10/users/@me has received {'id': '1364312689572319232', 'username': 'python_bot', 'avatar': None, 'discriminator': '1094', 'public_flags': 0, 'flags': 0, 'bot': True, 'banner': None, 'accent_color': None, 'global_name': None, 'avatar_decoration_data': None, 'collectibles': None, 'banner_color': None, 'clan': None, 'primary_guild': None, 'mfa_enabled': True, 'locale': 'en-US', 'premium_type': 0, 'email': None, 'verified': True, 'bio': ''}
[2025-04-23 00:29:19] [DEBUG   ] discord.http: GET https://discord.com/api/v10/oauth2/applications/@me with None has returned 200
[2025-04-23 00:29:19] [DEBUG   ] discord.http: GET /oauth2/applications/@me has found its initial rate limit bucket hash (d28a133af187e91d71d96a223467ce49).
[2025-04-23 00:29:19] [DEBUG   ] discord.http: GET https://discord.com/api/v10/oauth2/applications/@me has received {'id': '1364312689572319232', 'name': 'python_bot', 'icon': None, 'description': '', 'type': None, 'bot': {'id': '1364312689572319232', 'username': 'python_bot', 'avatar': None, 'discriminator': '1094', 'public_flags': 0, 'flags': 0, 'bot': True, 'banner': None, 'accent_color': None, 'global_name': None, 'avatar_decoration_data': None, 'collectibles': None, 'banner_color': None, 'clan': None, 'primary_guild': None}, 'summary': '', 'is_monetized': False, 'is_verified': False, 'is_discoverable': False, 'bot_public': True, 'bot_require_code_grant': False, 'install_params': {'scopes': ['applications.commands'], 'permissions': '0'}, 'integration_types_config': {'0': {'oauth2_install_params': {'scopes': ['applications.commands'], 'permissions': '0'}}, '1': {'oauth2_install_params': {'scopes': ['applications.commands'], 'permissions': '0'}}}, 'verify_key': 'ec722d8e8050ce3248a16a5df72b6f0aed3d5232ad6d9dbc5b667f976e75f4f7', 'flags': 557056, 'hook': True, 'storefront_available': False, 'redirect_uris': [], 'interactions_endpoint_url': None, 'role_connections_verification_url': None, 'owner': {'id': '406932824650678273', 'username': 'l0mk3', 'avatar': None, 'discriminator': '0', 'public_flags': 0, 'flags': 0, 'banner': None, 'accent_color': None, 'global_name': 'lomke', 'avatar_decoration_data': None, 'collectibles': None, 'banner_color': None, 'clan': None, 'primary_guild': None}, 'approximate_guild_count': 1, 'approximate_user_install_count': 0, 'interactions_event_types': [], 'interactions_version': 1, 'explicit_content_filter': 0, 'rpc_application_state': 0, 'store_application_state': 1, 'verification_state': 1, 'integration_public': True, 'integration_require_code_grant': False, 'discoverability_state': 1, 'discovery_eligibility_flags': 2272, 'monetization_state': 1, 'verification_eligibility_flags': 123804, 'monetization_eligibility_flags': 247524, 'team': None, 'internal_guild_restriction': 2, 'approved_consoles': []}
[2025-04-23 00:29:19] [DEBUG   ] discord.gateway: Created websocket connected to wss://gateway.discord.gg/
[2025-04-23 00:29:19] [DEBUG   ] discord.gateway: For Shard ID None: WebSocket Event: {'t': None, 's': None, 'op': 10, 'd': {'heartbeat_interval': 41250, '_trace': ['["gateway-prd-us-east1-b-ps0x",{"micros":0.0}]']}}
[2025-04-23 00:29:19] [DEBUG   ] discord.gateway: Shard ID None has sent the IDENTIFY payload.
[2025-04-23 00:29:19] [DEBUG   ] discord.gateway: For Shard ID None: WebSocket Event: {'t': None, 's': None, 'op': 11, 'd': None}
[2025-04-23 00:29:19] [DEBUG   ] discord.gateway: For Shard ID None: WebSocket Event: {'t': 'READY', 's': 1, 'op': 0, 'd': {'v': 10, 'user_settings': {}, 'user': {'verified': True, 'username': 'python_bot', 'primary_guild': None, 'mfa_enabled': True, 'id': '1364312689572319232', 'global_name': None, 'flags': 0, 'email': None, 'discriminator': '1094', 'clan': None, 'bot': True, 'avatar': None}, 'session_type': 'normal', 'session_id': '77e900975eb167f7621480eecf790ef3', 'resume_gateway_url': 'wss://gateway-us-east1-b.discord.gg', 'relationships': [], 'private_channels': [], 'presences': [], 'guilds': [{'unavailable': True, 'id': '1364312877594443919'}], 'guild_join_requests': [], 'geo_ordered_rtc_regions': ['bucharest', 'warsaw', 'milan', 'frankfurt', 'frankfurt-two'], 'game_relationships': [], 'auth': {}, 'application': {'id': '1364312689572319232', 'flags': 557056}, '_trace': ['["gateway-prd-us-east1-b-ps0x",{"micros":53744,"calls":["id_created",{"micros":405,"calls":[]},"session_lookup_time",{"micros":1515,"calls":[]},"session_lookup_finished",{"micros":12,"calls":[]},"discord-sessions-prd-2-52",{"micros":51369,"calls":["start_session",{"micros":35199,"calls":["discord-api-rpc-5f78bfcb54-46v7n",{"micros":28676,"calls":["get_user",{"micros":5112},"get_guilds",{"micros":2709},"send_scheduled_deletion_message",{"micros":7},"guild_join_requests",{"micros":772},"authorized_ip_coro",{"micros":6},"pending_payments",{"micros":627},"apex_user_experiments",{"micros":1}]}]},"starting_guild_connect",{"micros":24,"calls":[]},"presence_started",{"micros":3219,"calls":[]},"guilds_started",{"micros":89,"calls":[]},"lobbies_started",{"micros":1,"calls":[]},"guilds_connect",{"micros":1,"calls":[]},"presence_connect",{"micros":12820,"calls":[]},"connect_finished",{"micros":12823,"calls":[]},"build_ready",{"micros":12,"calls":[]},"clean_ready",{"micros":0,"calls":[]},"optimize_ready",{"micros":0,"calls":[]},"split_ready",{"micros":1,"calls":[]}]}]}]']}}
[2025-04-23 00:29:19] [DEBUG   ] discord.client: Dispatching event socket_event_type
[2025-04-23 00:29:19] [INFO    ] discord.gateway: Shard ID None has connected to Gateway (Session ID: 77e900975eb167f7621480eecf790ef3).
[2025-04-23 00:29:19] [DEBUG   ] discord.client: Dispatching event connect
[2025-04-23 00:29:19] [DEBUG   ] discord.gateway: For Shard ID None: WebSocket Event: {'t': 'GUILD_CREATE', 's': 2, 'op': 0, 'd': {'unavailable': False, 'owner_id': '406932824650678273', 'incidents_data': None, 'hub_type': None, 'profile': None, 'premium_tier': 0, 'lazy': True, 'mfa_level': 0, 'splash': None, 'large': False, 'stickers': [], 'joined_at': '2025-04-22T18:59:29.987221+00:00', 'clan': None, 'preferred_locale': 'en-US', 'afk_channel_id': None, 'afk_timeout': 300, 'id': '1364312877594443919', 'default_message_notifications': 0, 'icon': None, 'premium_progress_bar_enabled': False, 'name': 'Tester', 'soundboard_sounds': [], 'discovery_splash': None, 'nsfw_level': 0, 'banner': None, 'guild_scheduled_events': [], 'threads': [], 'region': 'deprecated', 'embedded_activities': [], 'system_channel_id': None, 'description': None, 'nsfw': False, 'premium_features': None, 'explicit_content_filter': 0, 'home_header': None, 'stage_instances': [], 'features': [], 'premium_subscription_count': 0, 'channels': [{'version': 1745347937790, 'type': 4, 'position': 0, 'permission_overwrites': [], 'name': 'Text Channels', 'id': '1364312877594443921', 'flags': 0}, {'version': 1745347937795, 'type': 4, 'position': 0, 'permission_overwrites': [], 'name': 'Voice Channels', 'id': '1364312877594443922', 'flags': 0}, {'version': 1745347937809, 'user_limit': 0, 'type': 2, 'status': None, 'rtc_region': None, 'rate_limit_per_user': 0, 'position': 0, 'permission_overwrites': [], 'parent_id': '1364312877594443922', 'name': 'General', 'last_message_id': None, 'id': '1364312877594443924', 'icon_emoji': {'name': 'üéô', 'id': None}, 'flags': 0, 'bitrate': 64000}, {'version': 1745349883055, 'type': 0, 'topic': None, 'rate_limit_per_user': 0, 'position': 1, 'permission_overwrites': [], 'parent_id': '1364312877594443921', 'nsfw': False, 'name': 'general', 'last_message_id': '1364366602010624072', 'id': '1364321036879003648', 'flags': 0}], 'rules_channel_id': None, 'application_id': None, 'latest_onboarding_question_id': None, 'member_count': 2, 'members': [{'user': {'username': 'python_bot', 'public_flags': 0, 'primary_guild': None, 'id': '1364312689572319232', 'global_name': None, 'display_name': None, 'discriminator': '1094', 'collectibles': None, 'clan': None, 'bot': True, 'avatar_decoration_data': None, 'avatar': None}, 'roles': ['1364314690158723095'], 'premium_since': None, 'pending': False, 'nick': None, 'mute': False, 'joined_at': '2025-04-22T18:59:29.987221+00:00', 'flags': 0, 'deaf': True, 'communication_disabled_until': None, 'banner': None, 'avatar': None}], 'safety_alerts_channel_id': None, 'max_stage_video_channel_users': 50, 'presences': [], 'inventory_settings': None, 'verification_level': 0, 'emojis': [], 'max_members': 500000, 'vanity_url_code': None, 'max_video_channel_users': 25, 'activity_instances': [], 'version': 1745349887922, 'voice_states': [], 'public_updates_channel_id': None, 'application_command_counts': {}, 'roles': [{'version': 1745347937786, 'unicode_emoji': None, 'tags': {}, 'position': 0, 'permissions': '2248473465835073', 'name': '@everyone', 'mentionable': False, 'managed': False, 'id': '1364312877594443919', 'icon': None, 'hoist': False, 'flags': 0, 'colors': {'tertiary_color': None, 'secondary_color': None, 'primary_color': 0}, 'color': 0}, {'version': 1745352357353, 'unicode_emoji': None, 'tags': {'bot_id': '1364312689572319232'}, 'position': 2, 'permissions': '563276639890498', 'name': 'python_bot', 'mentionable': False, 'managed': True, 'id': '1364314690158723095', 'icon': None, 'hoist': False, 'flags': 0, 'colors': {'tertiary_color': None, 'secondary_color': None, 'primary_color': 0}, 'color': 0}, {'version': 1745352902186, 'unicode_emoji': None, 'tags': {}, 'position': 1, 'permissions': '0', 'name': 'saban', 'mentionable': False, 'managed': False, 'id': '1364331198343811072', 'icon': None, 'hoist': False, 'flags': 0, 'colors': {'tertiary_color': None, 'secondary_color': None, 'primary_color': 15844367}, 'color': 15844367}], 'system_channel_flags': 0}}
[2025-04-23 00:29:19] [DEBUG   ] discord.client: Dispatching event socket_event_type
[2025-04-23 00:29:19] [DEBUG   ] discord.gateway: For Shard ID None: WebSocket Event: {'t': 'GUILD_MEMBERS_CHUNK', 's': 3, 'op': 0, 'd': {'nonce': 'f902803b725c9a1c9c76d065ce1f3c99', 'members': [{'user': {'username': 'l0mk3', 'public_flags': 0, 'primary_guild': None, 'id': '406932824650678273', 'global_name': 'lomke', 'display_name': 'lomke', 'discriminator': '0', 'collectibles': None, 'clan': None, 'bot': False, 'avatar_decoration_data': None, 'avatar': None}, 'roles': ['1364331198343811072'], 'premium_since': None, 'pending': False, 'nick': None, 'mute': False, 'joined_at': '2025-04-22T18:52:17.754000+00:00', 'flags': 0, 'deaf': False, 'communication_disabled_until': None, 'banner': None, 'avatar': None}, {'user': {'username': 'python_bot', 'public_flags': 0, 'primary_guild': None, 'id': '1364312689572319232', 'global_name': None, 'display_name': None, 'discriminator': '1094', 'collectibles': None, 'clan': None, 'bot': True, 'avatar_decoration_data': None, 'avatar': None}, 'roles': ['1364314690158723095'], 'premium_since': None, 'pending': False, 'nick': None, 'mute': False, 'joined_at': '2025-04-22T18:59:29.987221+00:00', 'flags': 0, 'deaf': True, 'communication_disabled_until': None, 'banner': None, 'avatar': None}], 'guild_id': '1364312877594443919', 'chunk_index': 0, 'chunk_count': 1}}
[2025-04-23 00:29:19] [DEBUG   ] discord.client: Dispatching event socket_event_type
[2025-04-23 00:29:19] [DEBUG   ] discord.state: Processed a chunk for 2 members in guild ID 1364312877594443919.
[2025-04-23 00:29:21] [DEBUG   ] discord.client: Dispatching event guild_available
[2025-04-23 00:29:21] [DEBUG   ] discord.client: Dispatching event ready
[2025-04-23 00:29:27] [DEBUG   ] discord.gateway: For Shard ID None: WebSocket Event: {'t': 'TYPING_START', 's': 4, 'op': 0, 'd': {'user_id': '406932824650678273', 'timestamp': 1745360967, 'member': {'user': {'username': 'l0mk3', 'public_flags': 0, 'primary_guild': None, 'id': '406932824650678273', 'global_name': 'lomke', 'display_name': 'lomke', 'discriminator': '0', 'collectibles': None, 'clan': None, 'bot': False, 'avatar_decoration_data': None, 'avatar': None}, 'roles': ['1364331198343811072'], 'premium_since': None, 'pending': False, 'nick': None, 'mute': False, 'joined_at': '2025-04-22T18:52:17.754000+00:00', 'flags': 0, 'deaf': False, 'communication_disabled_until': None, 'banner': None, 'avatar': None}, 'channel_id': '1364321036879003648', 'guild_id': '1364312877594443919'}}
[2025-04-23 00:29:27] [DEBUG   ] discord.client: Dispatching event socket_event_type
[2025-04-23 00:29:27] [DEBUG   ] discord.client: Dispatching event typing
[2025-04-23 00:29:27] [DEBUG   ] discord.client: Dispatching event raw_typing
[2025-04-23 00:29:31] [DEBUG   ] discord.gateway: For Shard ID None: WebSocket Event: {'t': 'MESSAGE_CREATE', 's': 5, 'op': 0, 'd': {'type': 0, 'tts': False, 'timestamp': '2025-04-22T22:29:31.058000+00:00', 'pinned': False, 'nonce': '1364367542809788416', 'mentions': [], 'mention_roles': [], 'mention_everyone': False, 'member': {'roles': ['1364331198343811072'], 'premium_since': None, 'pending': False, 'nick': None, 'mute': False, 'joined_at': '2025-04-22T18:52:17.754000+00:00', 'flags': 0, 'deaf': False, 'communication_disabled_until': None, 'banner': None, 'avatar': None}, 'id': '1364367543350853725', 'flags': 0, 'embeds': [], 'edited_timestamp': None, 'content': '!play sistem te laze', 'components': [], 'channel_type': 0, 'channel_id': '1364321036879003648', 'author': {'username': 'l0mk3', 'public_flags': 0, 'primary_guild': None, 'id': '406932824650678273', 'global_name': 'lomke', 'discriminator': '0', 'collectibles': None, 'clan': None, 'avatar_decoration_data': None, 'avatar': None}, 'attachments': [], 'guild_id': '1364312877594443919'}}
[2025-04-23 00:29:31] [DEBUG   ] discord.client: Dispatching event socket_event_type
[2025-04-23 00:29:31] [DEBUG   ] discord.client: Dispatching event message
[2025-04-23 00:29:31] [DEBUG   ] discord.client: Dispatching event command
[2025-04-23 00:29:31] [DEBUG   ] discord.gateway: For Shard ID None: WebSocket Event: {'t': 'MESSAGE_CREATE', 's': 6, 'op': 0, 'd': {'type': 0, 'tts': False, 'timestamp': '2025-04-22T22:29:31.267000+00:00', 'pinned': False, 'mentions': [], 'mention_roles': [], 'mention_everyone': False, 'member': {'roles': ['1364314690158723095'], 'premium_since': None, 'pending': False, 'nick': None, 'mute': False, 'joined_at': '2025-04-22T18:59:29.987221+00:00', 'flags': 0, 'deaf': True, 'communication_disabled_until': None, 'banner': None, 'avatar': None}, 'id': '1364367544227598376', 'flags': 0, 'embeds': [], 'edited_timestamp': None, 'content': 'üîá You need to be in a voice channel.', 'components': [], 'channel_type': 0, 'channel_id': '1364321036879003648', 'author': {'username': 'python_bot', 'public_flags': 0, 'primary_guild': None, 'id': '1364312689572319232', 'global_name': None, 'discriminator': '1094', 'collectibles': None, 'clan': None, 'bot': True, 'avatar_decoration_data': None, 'avatar': None}, 'attachments': [], 'guild_id': '1364312877594443919'}}
[2025-04-23 00:29:31] [DEBUG   ] discord.client: Dispatching event socket_event_type
[2025-04-23 00:29:31] [DEBUG   ] discord.client: Dispatching event message
[2025-04-23 00:29:31] [DEBUG   ] discord.http: POST https://discord.com/api/v10/channels/1364321036879003648/messages with {"content":"\ud83d\udd07 You need to be in a voice channel.","components":[],"tts":false} has returned 200
[2025-04-23 00:29:31] [DEBUG   ] discord.http: POST /channels/{channel_id}/messages has found its initial rate limit bucket hash (3df15bae86f6647dd4dfcbd5c6949480).
[2025-04-23 00:29:31] [DEBUG   ] discord.http: POST https://discord.com/api/v10/channels/1364321036879003648/messages has received {'type': 0, 'content': 'üîá You need to be in a voice channel.', 'mentions': [], 'mention_roles': [], 'attachments': [], 'embeds': [], 'timestamp': '2025-04-22T22:29:31.267000+00:00', 'edited_timestamp': None, 'flags': 0, 'components': [], 'id': '1364367544227598376', 'channel_id': '1364321036879003648', 'author': {'id': '1364312689572319232', 'username': 'python_bot', 'avatar': None, 'discriminator': '1094', 'public_flags': 0, 'flags': 0, 'bot': True, 'banner': None, 'accent_color': None, 'global_name': None, 'avatar_decoration_data': None, 'collectibles': None, 'banner_color': None, 'clan': None, 'primary_guild': None}, 'pinned': False, 'mention_everyone': False, 'tts': False}
[2025-04-23 00:29:31] [DEBUG   ] discord.client: Dispatching event command_completion
[2025-04-23 00:29:34] [DEBUG   ] discord.gateway: For Shard ID None: WebSocket Event: {'t': 'VOICE_STATE_UPDATE', 's': 7, 'op': 0, 'd': {'member': {'user': {'username': 'l0mk3', 'public_flags': 0, 'primary_guild': None, 'id': '406932824650678273', 'global_name': 'lomke', 'display_name': 'lomke', 'discriminator': '0', 'collectibles': None, 'clan': None, 'bot': False, 'avatar_decoration_data': None, 'avatar': None}, 'roles': ['1364331198343811072'], 'premium_since': None, 'pending': False, 'nick': None, 'mute': False, 'joined_at': '2025-04-22T18:52:17.754000+00:00', 'flags': 0, 'deaf': False, 'communication_disabled_until': None, 'banner': None, 'avatar': None}, 'user_id': '406932824650678273', 'suppress': False, 'session_id': 'd87a8bdee903474078495c4d235e3a4c', 'self_video': False, 'self_mute': False, 'self_deaf': False, 'request_to_speak_timestamp': None, 'mute': False, 'guild_id': '1364312877594443919', 'discoverable': True, 'deaf': False, 'channel_id': '1364312877594443924'}}
[2025-04-23 00:29:34] [DEBUG   ] discord.client: Dispatching event socket_event_type
[2025-04-23 00:29:34] [DEBUG   ] discord.client: Dispatching event voice_state_update
[2025-04-23 00:29:36] [DEBUG   ] discord.gateway: For Shard ID None: WebSocket Event: {'t': 'TYPING_START', 's': 8, 'op': 0, 'd': {'user_id': '406932824650678273', 'timestamp': 1745360976, 'member': {'user': {'username': 'l0mk3', 'public_flags': 0, 'primary_guild': None, 'id': '406932824650678273', 'global_name': 'lomke', 'display_name': 'lomke', 'discriminator': '0', 'collectibles': None, 'clan': None, 'bot': False, 'avatar_decoration_data': None, 'avatar': None}, 'roles': ['1364331198343811072'], 'premium_since': None, 'pending': False, 'nick': None, 'mute': False, 'joined_at': '2025-04-22T18:52:17.754000+00:00', 'flags': 0, 'deaf': False, 'communication_disabled_until': None, 'banner': None, 'avatar': None}, 'channel_id': '1364321036879003648', 'guild_id': '1364312877594443919'}}
[2025-04-23 00:29:36] [DEBUG   ] discord.client: Dispatching event socket_event_type
[2025-04-23 00:29:36] [DEBUG   ] discord.client: Dispatching event typing
[2025-04-23 00:29:36] [DEBUG   ] discord.client: Dispatching event raw_typing
[2025-04-23 00:29:39] [DEBUG   ] discord.gateway: For Shard ID None: WebSocket Event: {'t': 'MESSAGE_CREATE', 's': 9, 'op': 0, 'd': {'type': 0, 'tts': False, 'timestamp': '2025-04-22T22:29:39.234000+00:00', 'pinned': False, 'nonce': '1364367576909479936', 'mentions': [], 'mention_roles': [], 'mention_everyone': False, 'member': {'roles': ['1364331198343811072'], 'premium_since': None, 'pending': False, 'nick': None, 'mute': False, 'joined_at': '2025-04-22T18:52:17.754000+00:00', 'flags': 0, 'deaf': False, 'communication_disabled_until': None, 'banner': None, 'avatar': None}, 'id': '1364367577643614342', 'flags': 0, 'embeds': [], 'edited_timestamp': None, 'content': '!play sistem te laze', 'components': [], 'channel_type': 0, 'channel_id': '1364321036879003648', 'author': {'username': 'l0mk3', 'public_flags': 0, 'primary_guild': None, 'id': '406932824650678273', 'global_name': 'lomke', 'discriminator': '0', 'collectibles': None, 'clan': None, 'avatar_decoration_data': None, 'avatar': None}, 'attachments': [], 'guild_id': '1364312877594443919'}}
[2025-04-23 00:29:39] [DEBUG   ] discord.client: Dispatching event socket_event_type
[2025-04-23 00:29:39] [DEBUG   ] discord.client: Dispatching event message
[2025-04-23 00:29:39] [DEBUG   ] discord.client: Dispatching event command
[2025-04-23 00:29:39] [INFO    ] discord.voice_client: Connecting to voice...
[2025-04-23 00:29:39] [INFO    ] discord.voice_client: Starting voice handshake... (connection attempt 1)
[2025-04-23 00:29:39] [DEBUG   ] discord.gateway: Updating our voice state to {'op': 4, 'd': {'guild_id': 1364312877594443919, 'channel_id': 1364312877594443924, 'self_mute': False, 'self_deaf': False}}.
[2025-04-23 00:29:39] [DEBUG   ] discord.gateway: For Shard ID None: WebSocket Event: {'t': 'VOICE_STATE_UPDATE', 's': 10, 'op': 0, 'd': {'member': {'user': {'username': 'python_bot', 'public_flags': 0, 'primary_guild': None, 'id': '1364312689572319232', 'global_name': None, 'display_name': None, 'discriminator': '1094', 'collectibles': None, 'clan': None, 'bot': True, 'avatar_decoration_data': None, 'avatar': None}, 'roles': ['1364314690158723095'], 'premium_since': None, 'pending': False, 'nick': None, 'mute': False, 'joined_at': '2025-04-22T18:59:29.987221+00:00', 'flags': 0, 'deaf': True, 'communication_disabled_until': None, 'banner': None, 'avatar': None}, 'user_id': '1364312689572319232', 'suppress': False, 'session_id': '77e900975eb167f7621480eecf790ef3', 'self_video': False, 'self_mute': False, 'self_deaf': False, 'request_to_speak_timestamp': None, 'mute': False, 'guild_id': '1364312877594443919', 'deaf': True, 'channel_id': '1364312877594443924'}}
[2025-04-23 00:29:39] [DEBUG   ] discord.client: Dispatching event socket_event_type
[2025-04-23 00:29:39] [DEBUG   ] discord.client: Dispatching event voice_state_update
[2025-04-23 00:29:39] [DEBUG   ] discord.gateway: For Shard ID None: WebSocket Event: {'t': 'VOICE_SERVER_UPDATE', 's': 11, 'op': 0, 'd': {'token': '4c9b8d7ab0f3de11', 'guild_id': '1364312877594443919', 'endpoint': 'frankfurt5831.discord.media:443'}}
[2025-04-23 00:29:39] [DEBUG   ] discord.client: Dispatching event socket_event_type
[2025-04-23 00:29:39] [INFO    ] discord.voice_client: Voice handshake complete. Endpoint found frankfurt5831.discord.media
[2025-04-23 00:29:39] [DEBUG   ] discord.gateway: Sending voice websocket frame: {'op': 0, 'd': {'server_id': '1364312877594443919', 'user_id': '1364312689572319232', 'session_id': '77e900975eb167f7621480eecf790ef3', 'token': '4c9b8d7ab0f3de11'}}.
[2025-04-23 00:29:39] [DEBUG   ] discord.gateway: Voice websocket frame received: {'op': 8, 'd': {'v': 4, 'heartbeat_interval': 13750.0}}
[2025-04-23 00:29:39] [DEBUG   ] discord.gateway: Voice websocket frame received: {'op': 2, 'd': {'streams': [{'type': 'video', 'ssrc': 42397, 'rtx_ssrc': 42398, 'rid': '', 'quality': 0, 'active': False}], 'ssrc': 42396, 'port': 50022, 'modes': ['aead_aes256_gcm_rtpsize', 'aead_aes256_gcm', 'aead_xchacha20_poly1305_rtpsize', 'xsalsa20_poly1305_lite_rtpsize', 'xsalsa20_poly1305_lite', 'xsalsa20_poly1305_suffix', 'xsalsa20_poly1305'], 'ip': '66.22.243.163', 'experiments': ['fixed_keyframe_interval']}}
[2025-04-23 00:29:39] [DEBUG   ] discord.gateway: received packet in initial_connection: b'\x00\x02\x00F\x00\x00\xa5\x9c46.240.177.146\x00\x00\x00\x00\x00\x00\x00\x00\x00\x00\x00\x00\x00\x00\x00\x00\x00\x00\x00\x00\x00\x00\x00\x00\x00\x00\x00\x00\x00\x00\x00\x00\x00\x00\x00\x00\x00\x00\x00\x00\x00\x00\x00\x00\x00\x00\x00\x00\x00\x00\x8c\xd4'
[2025-04-23 00:29:39] [DEBUG   ] discord.gateway: detected ip: 46.240.177.146 port: 36052
[2025-04-23 00:29:39] [DEBUG   ] discord.gateway: received supported encryption modes: xsalsa20_poly1305_lite, xsalsa20_poly1305_suffix, xsalsa20_poly1305
[2025-04-23 00:29:39] [DEBUG   ] discord.gateway: Sending voice websocket frame: {'op': 1, 'd': {'protocol': 'udp', 'data': {'address': '46.240.177.146', 'port': 36052, 'mode': 'xsalsa20_poly1305_lite'}}}.
[2025-04-23 00:29:39] [DEBUG   ] discord.gateway: selected the voice protocol for use (xsalsa20_poly1305_lite)
[2025-04-23 00:29:39] [DEBUG   ] discord.gateway: Voice websocket frame received: {'op': 11, 'd': {'user_ids': ['406932824650678273']}}
[2025-04-23 00:29:39] [DEBUG   ] discord.gateway: Voice websocket frame received: {'op': 18, 'd': {'user_id': '406932824650678273', 'flags': 2}}
[2025-04-23 00:29:39] [DEBUG   ] discord.gateway: Voice websocket frame received: {'op': 20, 'd': {'user_id': '406932824650678273', 'platform': 0}}
[2025-04-23 00:29:39] [DEBUG   ] discord.gateway: Voice websocket frame received: {'op': 4, 'd': {'video_codec': 'H264', 'secure_frames_version': 0, 'secret_key': [216, 163, 57, 209, 52, 59, 253, 189, 136, 141, 75, 61, 72, 254, 142, 8, 218, 12, 153, 119, 74, 122, 50, 11, 84, 140, 52, 3, 219, 83, 100, 40], 'mode': 'xsalsa20_poly1305_lite', 'media_session_id': 'a7d522048d9ad281d507d95c50155306', 'dave_protocol_version': 0, 'audio_codec': 'opus'}}
[2025-04-23 00:29:39] [DEBUG   ] discord.gateway: received secret key for voice connection
[2025-04-23 00:29:39] [DEBUG   ] discord.gateway: Sending voice websocket frame: {'op': 5, 'd': {'speaking': 0, 'delay': 0, 'ssrc': 42396}}.
[2025-04-23 00:29:40] [DEBUG   ] discord.gateway: For Shard ID None: WebSocket Event: {'t': 'MESSAGE_CREATE', 's': 12, 'op': 0, 'd': {'type': 0, 'tts': False, 'timestamp': '2025-04-22T22:29:39.876000+00:00', 'pinned': False, 'mentions': [], 'mention_roles': [], 'mention_everyone': False, 'member': {'roles': ['1364314690158723095'], 'premium_since': None, 'pending': False, 'nick': None, 'mute': False, 'joined_at': '2025-04-22T18:59:29.987221+00:00', 'flags': 0, 'deaf': True, 'communication_disabled_until': None, 'banner': None, 'avatar': None}, 'id': '1364367580336488529', 'flags': 0, 'embeds': [], 'edited_timestamp': None, 'content': 'üîç Searching for: `sistem te laze`...', 'components': [], 'channel_type': 0, 'channel_id': '1364321036879003648', 'author': {'username': 'python_bot', 'public_flags': 0, 'primary_guild': None, 'id': '1364312689572319232', 'global_name': None, 'discriminator': '1094', 'collectibles': None, 'clan': None, 'bot': True, 'avatar_decoration_data': None, 'avatar': None}, 'attachments': [], 'guild_id': '1364312877594443919'}}
[2025-04-23 00:29:40] [DEBUG   ] discord.client: Dispatching event socket_event_type
[2025-04-23 00:29:40] [DEBUG   ] discord.client: Dispatching event message
[2025-04-23 00:29:40] [DEBUG   ] discord.http: POST https://discord.com/api/v10/channels/1364321036879003648/messages with {"content":"\ud83d\udd0d Searching for: `sistem te laze`...","components":[],"tts":false} has returned 200
[2025-04-23 00:29:40] [DEBUG   ] discord.http: POST https://discord.com/api/v10/channels/1364321036879003648/messages has received {'type': 0, 'content': 'üîç Searching for: `sistem te laze`...', 'mentions': [], 'mention_roles': [], 'attachments': [], 'embeds': [], 'timestamp': '2025-04-22T22:29:39.876000+00:00', 'edited_timestamp': None, 'flags': 0, 'components': [], 'id': '1364367580336488529', 'channel_id': '1364321036879003648', 'author': {'id': '1364312689572319232', 'username': 'python_bot', 'avatar': None, 'discriminator': '1094', 'public_flags': 0, 'flags': 0, 'bot': True, 'banner': None, 'accent_color': None, 'global_name': None, 'avatar_decoration_data': None, 'collectibles': None, 'banner_color': None, 'clan': None, 'primary_guild': None}, 'pinned': False, 'mention_everyone': False, 'tts': False}
[2025-04-23 00:29:43] [DEBUG   ] discord.client: Dispatching event command_error
[2025-04-23 00:29:43] [ERROR   ] discord.ext.commands.bot: Ignoring exception in command play
Traceback (most recent call last):
  File "/usr/lib/python3/dist-packages/yt_dlp/YoutubeDL.py", line 1606, in wrapper
    return func(self, *args, **kwargs)
           ^^^^^^^^^^^^^^^^^^^^^^^^^^^
  File "/usr/lib/python3/dist-packages/yt_dlp/YoutubeDL.py", line 1741, in __extract_info
    ie_result = ie.extract(url)
                ^^^^^^^^^^^^^^^
  File "/usr/lib/python3/dist-packages/yt_dlp/extractor/common.py", line 734, in extract
    ie_result = self._real_extract(url)
                ^^^^^^^^^^^^^^^^^^^^^^^
  File "/usr/lib/python3/dist-packages/yt_dlp/extractor/youtube.py", line 4182, in _real_extract
    self.raise_no_formats(reason, expected=True)
  File "/usr/lib/python3/dist-packages/yt_dlp/extractor/common.py", line 1251, in raise_no_formats
    raise ExtractorError(msg, expected=expected, video_id=video_id)
yt_dlp.utils.ExtractorError: [youtube] hkSzmPnzF-o: Sign in to confirm you‚Äôre not a bot. This helps protect our community. Learn more

During handling of the above exception, another exception occurred:

Traceback (most recent call last):
  File "/usr/lib/python3/dist-packages/discord/ext/commands/core.py", line 235, in wrapped
    ret = await coro(*args, **kwargs)
          ^^^^^^^^^^^^^^^^^^^^^^^^^^^
  File "/home/lomke/discord_bot/main.py", line 118, in play
    info = ydl.extract_info(f"ytsearch:{song}", download=False)['entries'][0]
           ^^^^^^^^^^^^^^^^^^^^^^^^^^^^^^^^^^^^^^^^^^^^^^^^^^^^
  File "/usr/lib/python3/dist-packages/yt_dlp/YoutubeDL.py", line 1595, in extract_info
    return self.__extract_info(url, self.get_info_extractor(key), download, extra_info, process)
           ^^^^^^^^^^^^^^^^^^^^^^^^^^^^^^^^^^^^^^^^^^^^^^^^^^^^^^^^^^^^^^^^^^^^^^^^^^^^^^^^^^^^^
  File "/usr/lib/python3/dist-packages/yt_dlp/YoutubeDL.py", line 1606, in wrapper
    return func(self, *args, **kwargs)
           ^^^^^^^^^^^^^^^^^^^^^^^^^^^
  File "/usr/lib/python3/dist-packages/yt_dlp/YoutubeDL.py", line 1762, in __extract_info
    return self.process_ie_result(ie_result, download, extra_info)
           ^^^^^^^^^^^^^^^^^^^^^^^^^^^^^^^^^^^^^^^^^^^^^^^^^^^^^^^
  File "/usr/lib/python3/dist-packages/yt_dlp/YoutubeDL.py", line 1891, in process_ie_result
    return self.__process_playlist(ie_result, download)
           ^^^^^^^^^^^^^^^^^^^^^^^^^^^^^^^^^^^^^^^^^^^^
  File "/usr/lib/python3/dist-packages/yt_dlp/YoutubeDL.py", line 2035, in __process_playlist
    entry_result = self.__process_iterable_entry(entry, download, collections.ChainMap({
                   ^^^^^^^^^^^^^^^^^^^^^^^^^^^^^^^^^^^^^^^^^^^^^^^^^^^^^^^^^^^^^^^^^^^^^
  File "/usr/lib/python3/dist-packages/yt_dlp/YoutubeDL.py", line 1606, in wrapper
    return func(self, *args, **kwargs)
           ^^^^^^^^^^^^^^^^^^^^^^^^^^^
  File "/usr/lib/python3/dist-packages/yt_dlp/YoutubeDL.py", line 2067, in __process_iterable_entry
    return self.process_ie_result(
           ^^^^^^^^^^^^^^^^^^^^^^^
  File "/usr/lib/python3/dist-packages/yt_dlp/YoutubeDL.py", line 1841, in process_ie_result
    return self.extract_info(
           ^^^^^^^^^^^^^^^^^^
  File "/usr/lib/python3/dist-packages/yt_dlp/YoutubeDL.py", line 1595, in extract_info
    return self.__extract_info(url, self.get_info_extractor(key), download, extra_info, process)
           ^^^^^^^^^^^^^^^^^^^^^^^^^^^^^^^^^^^^^^^^^^^^^^^^^^^^^^^^^^^^^^^^^^^^^^^^^^^^^^^^^^^^^
  File "/usr/lib/python3/dist-packages/yt_dlp/YoutubeDL.py", line 1624, in wrapper
    self.report_error(str(e), e.format_traceback())
  File "/usr/lib/python3/dist-packages/yt_dlp/YoutubeDL.py", line 1073, in report_error
    self.trouble(f'{self._format_err("ERROR:", self.Styles.ERROR)} {message}', *args, **kwargs)
  File "/usr/lib/python3/dist-packages/yt_dlp/YoutubeDL.py", line 1012, in trouble
    raise DownloadError(message, exc_info)
yt_dlp.utils.DownloadError: [0;31mERROR:[0m [youtube] hkSzmPnzF-o: Sign in to confirm you‚Äôre not a bot. This helps protect our community. Learn more

The above exception was the direct cause of the following exception:

Traceback (most recent call last):
  File "/usr/lib/python3/dist-packages/discord/ext/commands/bot.py", line 1350, in invoke
    await ctx.command.invoke(ctx)
  File "/usr/lib/python3/dist-packages/discord/ext/commands/core.py", line 1029, in invoke
    await injected(*ctx.args, **ctx.kwargs)  # type: ignore
    ^^^^^^^^^^^^^^^^^^^^^^^^^^^^^^^^^^^^^^^
  File "/usr/lib/python3/dist-packages/discord/ext/commands/core.py", line 244, in wrapped
    raise CommandInvokeError(exc) from exc
discord.ext.commands.errors.CommandInvokeError: Command raised an exception: DownloadError: [0;31mERROR:[0m [youtube] hkSzmPnzF-o: Sign in to confirm you‚Äôre not a bot. This helps protect our community. Learn more
[2025-04-23 00:29:44] [DEBUG   ] discord.gateway: Keeping shard ID None voice websocket alive with timestamp 1745360984763.
[2025-04-23 00:29:44] [DEBUG   ] discord.gateway: Sending voice websocket frame: {'op': 3, 'd': 1745360984763}.
[2025-04-23 00:29:44] [DEBUG   ] discord.gateway: Voice websocket frame received: {'op': 6, 'd': 1745360984763}
[2025-04-23 00:29:48] [DEBUG   ] discord.gateway: Voice websocket frame received: {'op': 5, 'd': {'user_id': '406932824650678273', 'ssrc': 42382, 'speaking': 1}}
[2025-04-23 00:29:49] [DEBUG   ] discord.gateway: For Shard ID None: WebSocket Event: {'t': 'MESSAGE_CREATE', 's': 13, 'op': 0, 'd': {'type': 0, 'tts': False, 'timestamp': '2025-04-22T22:29:49.159000+00:00', 'pinned': False, 'nonce': '1364367618785411072', 'mentions': [], 'mention_roles': [], 'mention_everyone': False, 'member': {'roles': ['1364331198343811072'], 'premium_since': None, 'pending': False, 'nick': None, 'mute': False, 'joined_at': '2025-04-22T18:52:17.754000+00:00', 'flags': 0, 'deaf': False, 'communication_disabled_until': None, 'banner': None, 'avatar': None}, 'id': '1364367619271950357', 'flags': 0, 'embeds': [], 'edited_timestamp': None, 'content': '!leave', 'components': [], 'channel_type': 0, 'channel_id': '1364321036879003648', 'author': {'username': 'l0mk3', 'public_flags': 0, 'primary_guild': None, 'id': '406932824650678273', 'global_name': 'lomke', 'discriminator': '0', 'collectibles': None, 'clan': None, 'avatar_decoration_data': None, 'avatar': None}, 'attachments': [], 'guild_id': '1364312877594443919'}}
[2025-04-23 00:29:49] [DEBUG   ] discord.client: Dispatching event socket_event_type
[2025-04-23 00:29:49] [DEBUG   ] discord.client: Dispatching event message
[2025-04-23 00:29:49] [DEBUG   ] discord.client: Dispatching event command
[2025-04-23 00:29:49] [DEBUG   ] discord.gateway: Received WSMessage(type=<WSMsgType.CLOSING: 256>, data=None, extra=None)
[2025-04-23 00:29:49] [INFO    ] discord.voice_client: Disconnecting from voice normally, close code 1000.
[2025-04-23 00:29:49] [INFO    ] discord.voice_client: The voice handshake is being terminated for Channel ID 1364312877594443924 (Guild ID 1364312877594443919)
[2025-04-23 00:29:49] [DEBUG   ] discord.gateway: Updating our voice state to {'op': 4, 'd': {'guild_id': 1364312877594443919, 'channel_id': None, 'self_mute': False, 'self_deaf': False}}.
[2025-04-23 00:29:49] [DEBUG   ] discord.gateway: For Shard ID None: WebSocket Event: {'t': 'VOICE_STATE_UPDATE', 's': 14, 'op': 0, 'd': {'member': {'user': {'username': 'python_bot', 'public_flags': 0, 'primary_guild': None, 'id': '1364312689572319232', 'global_name': None, 'display_name': None, 'discriminator': '1094', 'collectibles': None, 'clan': None, 'bot': True, 'avatar_decoration_data': None, 'avatar': None}, 'roles': ['1364314690158723095'], 'premium_since': None, 'pending': False, 'nick': None, 'mute': False, 'joined_at': '2025-04-22T18:59:29.987221+00:00', 'flags': 0, 'deaf': True, 'communication_disabled_until': None, 'banner': None, 'avatar': None}, 'user_id': '1364312689572319232', 'suppress': False, 'session_id': '77e900975eb167f7621480eecf790ef3', 'self_video': False, 'self_mute': False, 'self_deaf': False, 'request_to_speak_timestamp': None, 'mute': False, 'guild_id': '1364312877594443919', 'deaf': True, 'channel_id': None}}
[2025-04-23 00:29:49] [DEBUG   ] discord.client: Dispatching event socket_event_type
[2025-04-23 00:29:49] [DEBUG   ] discord.client: Dispatching event voice_state_update
[2025-04-23 00:29:49] [DEBUG   ] discord.gateway: For Shard ID None: WebSocket Event: {'t': 'MESSAGE_CREATE', 's': 15, 'op': 0, 'd': {'type': 0, 'tts': False, 'timestamp': '2025-04-22T22:29:49.339000+00:00', 'pinned': False, 'mentions': [], 'mention_roles': [], 'mention_everyone': False, 'member': {'roles': ['1364314690158723095'], 'premium_since': None, 'pending': False, 'nick': None, 'mute': False, 'joined_at': '2025-04-22T18:59:29.987221+00:00', 'flags': 0, 'deaf': True, 'communication_disabled_until': None, 'banner': None, 'avatar': None}, 'id': '1364367620026929154', 'flags': 0, 'embeds': [], 'edited_timestamp': None, 'content': 'üëã Left the voice channel.', 'components': [], 'channel_type': 0, 'channel_id': '1364321036879003648', 'author': {'username': 'python_bot', 'public_flags': 0, 'primary_guild': None, 'id': '1364312689572319232', 'global_name': None, 'discriminator': '1094', 'collectibles': None, 'clan': None, 'bot': True, 'avatar_decoration_data': None, 'avatar': None}, 'attachments': [], 'guild_id': '1364312877594443919'}}
[2025-04-23 00:29:49] [DEBUG   ] discord.client: Dispatching event socket_event_type
[2025-04-23 00:29:49] [DEBUG   ] discord.client: Dispatching event message
[2025-04-23 00:29:49] [DEBUG   ] discord.http: POST https://discord.com/api/v10/channels/1364321036879003648/messages with {"content":"\ud83d\udc4b Left the voice channel.","components":[],"tts":false} has returned 200
[2025-04-23 00:29:49] [DEBUG   ] discord.http: POST https://discord.com/api/v10/channels/1364321036879003648/messages has received {'type': 0, 'content': 'üëã Left the voice channel.', 'mentions': [], 'mention_roles': [], 'attachments': [], 'embeds': [], 'timestamp': '2025-04-22T22:29:49.339000+00:00', 'edited_timestamp': None, 'flags': 0, 'components': [], 'id': '1364367620026929154', 'channel_id': '1364321036879003648', 'author': {'id': '1364312689572319232', 'username': 'python_bot', 'avatar': None, 'discriminator': '1094', 'public_flags': 0, 'flags': 0, 'bot': True, 'banner': None, 'accent_color': None, 'global_name': None, 'avatar_decoration_data': None, 'collectibles': None, 'banner_color': None, 'clan': None, 'primary_guild': None}, 'pinned': False, 'mention_everyone': False, 'tts': False}
[2025-04-23 00:29:49] [DEBUG   ] discord.client: Dispatching event command_completion
[2025-04-23 00:30:00] [DEBUG   ] discord.gateway: Keeping shard ID None websocket alive with sequence 15.
[2025-04-23 00:30:00] [DEBUG   ] discord.gateway: For Shard ID None: WebSocket Event: {'t': None, 's': None, 'op': 11, 'd': None}
[2025-04-23 00:30:41] [DEBUG   ] discord.gateway: Keeping shard ID None websocket alive with sequence 15.
[2025-04-23 00:30:42] [DEBUG   ] discord.gateway: For Shard ID None: WebSocket Event: {'t': None, 's': None, 'op': 11, 'd': None}
[2025-04-23 00:30:44] [DEBUG   ] discord.gateway: For Shard ID None: WebSocket Event: {'t': 'VOICE_STATE_UPDATE', 's': 16, 'op': 0, 'd': {'member': {'user': {'username': 'l0mk3', 'public_flags': 0, 'primary_guild': None, 'id': '406932824650678273', 'global_name': 'lomke', 'display_name': 'lomke', 'discriminator': '0', 'collectibles': None, 'clan': None, 'bot': False, 'avatar_decoration_data': None, 'avatar': None}, 'roles': ['1364331198343811072'], 'premium_since': None, 'pending': False, 'nick': None, 'mute': False, 'joined_at': '2025-04-22T18:52:17.754000+00:00', 'flags': 0, 'deaf': False, 'communication_disabled_until': None, 'banner': None, 'avatar': None}, 'user_id': '406932824650678273', 'suppress': False, 'session_id': 'd87a8bdee903474078495c4d235e3a4c', 'self_video': False, 'self_mute': False, 'self_deaf': False, 'request_to_speak_timestamp': None, 'mute': False, 'guild_id': '1364312877594443919', 'discoverable': True, 'deaf': False, 'channel_id': None}}
[2025-04-23 00:30:44] [DEBUG   ] discord.client: Dispatching event socket_event_type
[2025-04-23 00:30:44] [DEBUG   ] discord.client: Dispatching event voice_state_update
[2025-04-23 00:30:44] [DEBUG   ] discord.gateway: For Shard ID None: WebSocket Event: {'t': 'VOICE_CHANNEL_STATUS_UPDATE', 's': 17, 'op': 0, 'd': {'status': None, 'id': '1364312877594443924', 'guild_id': '1364312877594443919'}}
[2025-04-23 00:30:44] [DEBUG   ] discord.client: Dispatching event socket_event_type
[2025-04-23 00:30:44] [DEBUG   ] discord.gateway: Unknown event VOICE_CHANNEL_STATUS_UPDATE.
[2025-04-23 00:31:23] [DEBUG   ] discord.gateway: Keeping shard ID None websocket alive with sequence 17.
[2025-04-23 00:31:23] [DEBUG   ] discord.gateway: For Shard ID None: WebSocket Event: {'t': None, 's': None, 'op': 11, 'd': None}
[2025-04-23 00:32:04] [DEBUG   ] discord.gateway: Keeping shard ID None websocket alive with sequence 17.
[2025-04-23 00:32:04] [DEBUG   ] discord.gateway: For Shard ID None: WebSocket Event: {'t': None, 's': None, 'op': 11, 'd': None}
[2025-04-23 00:32:45] [DEBUG   ] discord.gateway: Keeping shard ID None websocket alive with sequence 17.
[2025-04-23 00:32:45] [DEBUG   ] discord.gateway: For Shard ID None: WebSocket Event: {'t': None, 's': None, 'op': 11, 'd': None}
[2025-04-23 00:33:26] [DEBUG   ] discord.gateway: Keeping shard ID None websocket alive with sequence 17.
[2025-04-23 00:33:27] [DEBUG   ] discord.gateway: For Shard ID None: WebSocket Event: {'t': None, 's': None, 'op': 11, 'd': None}
